

Processing HomeController#index (for 127.0.0.1 at 2009-12-01 21:29:10) [GET]
Rendering home/index
Completed in 13ms (View: 11, DB: 0) | 200 OK [http://localhost/home]


Processing HomeController#index (for 127.0.0.1 at 2009-12-01 21:32:44) [GET]
Rendering home/index
Completed in 7ms (View: 5, DB: 0) | 200 OK [http://localhost/home]


Processing HomeController#index (for 127.0.0.1 at 2009-12-01 21:39:45) [GET]
Rendering template within layouts/application
Rendering home/index
Completed in 9ms (View: 7, DB: 0) | 200 OK [http://localhost/home]


Processing HomeController#index (for 127.0.0.1 at 2009-12-01 21:40:03) [GET]
Rendering template within layouts/application
Rendering home/index
Completed in 249ms (View: 248, DB: 0) | 200 OK [http://localhost/home]


Processing HomeController#index (for 127.0.0.1 at 2009-12-01 21:46:43) [GET]
Rendering template within layouts/application
Rendering home/index
Completed in 7ms (View: 5, DB: 0) | 200 OK [http://localhost/home]


Processing ApplicationController#index (for 127.0.0.1 at 2009-12-01 21:46:43) [GET]

ActionController::RoutingError (No route matches "/images/nav/subnav/sprite.png" with {:method=>:get}):
  

Rendering rescues/layout (not_found)


Processing ApplicationController#index (for 127.0.0.1 at 2009-12-01 21:46:43) [GET]

ActionController::RoutingError (No route matches "/images/feed.png" with {:method=>:get}):
  

Rendering rescues/layout (not_found)


Processing ApplicationController#index (for 127.0.0.1 at 2009-12-01 21:46:43) [GET]

ActionController::RoutingError (No route matches "/images/nav/subnav/dropdown_arrow.png" with {:method=>:get}):
  

Rendering rescues/layout (not_found)


Processing ApplicationController#index (for 127.0.0.1 at 2009-12-01 21:46:43) [GET]

ActionController::RoutingError (No route matches "/images/nav/subnav/sprite.png" with {:method=>:get}):
  

Rendering rescues/layout (not_found)


Processing HomeController#index (for 127.0.0.1 at 2009-12-01 21:53:19) [GET]
Rendering template within layouts/application
Rendering home/index
Completed in 2ms (View: 1, DB: 0) | 200 OK [http://localhost/home]


Processing ApplicationController#index (for 127.0.0.1 at 2009-12-01 21:53:19) [GET]

ActionController::RoutingError (No route matches "/images/nav/subnav/dropdown_arrow.png" with {:method=>:get}):
  

Rendering rescues/layout (not_found)


Processing ApplicationController#index (for 127.0.0.1 at 2009-12-01 21:53:19) [GET]

ActionController::RoutingError (No route matches "/images/feed.png" with {:method=>:get}):
  

Rendering rescues/layout (not_found)


Processing ApplicationController#index (for 127.0.0.1 at 2009-12-01 21:53:19) [GET]

ActionController::RoutingError (No route matches "/images/nav/subnav/sprite.png" with {:method=>:get}):
  

Rendering rescues/layout (not_found)


Processing ApplicationController#index (for 127.0.0.1 at 2009-12-01 21:53:19) [GET]

ActionController::RoutingError (No route matches "/images/nav/subnav/sprite.png" with {:method=>:get}):
  

Rendering rescues/layout (not_found)


Processing HomeController#index (for 127.0.0.1 at 2009-12-01 21:55:20) [GET]
Rendering template within layouts/application
Rendering home/index
Completed in 2ms (View: 1, DB: 0) | 200 OK [http://localhost/home]


Processing ApplicationController#index (for 127.0.0.1 at 2009-12-01 21:55:20) [GET]

ActionController::RoutingError (No route matches "/images/nav/subnav/dropdown_arrow.png" with {:method=>:get}):
  

Rendering rescues/layout (not_found)


Processing ApplicationController#index (for 127.0.0.1 at 2009-12-01 21:55:20) [GET]

ActionController::RoutingError (No route matches "/images/nav/subnav/sprite.png" with {:method=>:get}):
  

Rendering rescues/layout (not_found)


Processing ApplicationController#index (for 127.0.0.1 at 2009-12-01 21:55:20) [GET]

ActionController::RoutingError (No route matches "/images/feed.png" with {:method=>:get}):
  

Rendering rescues/layout (not_found)


Processing ApplicationController#index (for 127.0.0.1 at 2009-12-01 21:55:20) [GET]

ActionController::RoutingError (No route matches "/images/nav/subnav/sprite.png" with {:method=>:get}):
  

Rendering rescues/layout (not_found)


Processing HomeController#index (for 127.0.0.1 at 2009-12-01 21:56:31) [GET]
Rendering template within layouts/application
Rendering home/index
Completed in 2ms (View: 1, DB: 0) | 200 OK [http://localhost/home]


Processing ApplicationController#index (for 127.0.0.1 at 2009-12-01 21:56:31) [GET]

ActionController::RoutingError (No route matches "/images/nav/subnav/dropdown_arrow.png" with {:method=>:get}):
  

Rendering rescues/layout (not_found)


Processing ApplicationController#index (for 127.0.0.1 at 2009-12-01 21:56:31) [GET]

ActionController::RoutingError (No route matches "/images/nav/subnav/sprite.png" with {:method=>:get}):
  

Rendering rescues/layout (not_found)


Processing ApplicationController#index (for 127.0.0.1 at 2009-12-01 21:56:31) [GET]

ActionController::RoutingError (No route matches "/images/feed.png" with {:method=>:get}):
  

Rendering rescues/layout (not_found)


Processing ApplicationController#index (for 127.0.0.1 at 2009-12-01 21:56:31) [GET]

ActionController::RoutingError (No route matches "/images/nav/subnav/sprite.png" with {:method=>:get}):
  

Rendering rescues/layout (not_found)


Processing HomeController#index (for 127.0.0.1 at 2009-12-01 21:57:06) [GET]
Rendering template within layouts/application
Rendering home/index
Completed in 2ms (View: 1, DB: 0) | 200 OK [http://localhost/home]


Processing ApplicationController#index (for 127.0.0.1 at 2009-12-01 21:57:06) [GET]

ActionController::RoutingError (No route matches "/images/nav/subnav/sprite.png" with {:method=>:get}):
  

Rendering rescues/layout (not_found)


Processing ApplicationController#index (for 127.0.0.1 at 2009-12-01 21:57:07) [GET]

ActionController::RoutingError (No route matches "/images/nav/subnav/sprite.png" with {:method=>:get}):
  

Rendering rescues/layout (not_found)


Processing ApplicationController#index (for 127.0.0.1 at 2009-12-01 21:57:07) [GET]

ActionController::RoutingError (No route matches "/images/nav/subnav/dropdown_arrow.png" with {:method=>:get}):
  

Rendering rescues/layout (not_found)


Processing ApplicationController#index (for 127.0.0.1 at 2009-12-01 21:57:07) [GET]

ActionController::RoutingError (No route matches "/images/feed.png" with {:method=>:get}):
  

Rendering rescues/layout (not_found)


Processing HomeController#index (for 127.0.0.1 at 2009-12-01 21:58:16) [GET]
Rendering template within layouts/application
Rendering home/index
Completed in 8ms (View: 1, DB: 0) | 200 OK [http://localhost/home]


Processing ApplicationController#index (for 127.0.0.1 at 2009-12-01 21:58:16) [GET]

ActionController::RoutingError (No route matches "/images/nav/subnav/sprite.png" with {:method=>:get}):
  

Rendering rescues/layout (not_found)


Processing ApplicationController#index (for 127.0.0.1 at 2009-12-01 21:58:16) [GET]

ActionController::RoutingError (No route matches "/images/feed.png" with {:method=>:get}):
  

Rendering rescues/layout (not_found)


Processing ApplicationController#index (for 127.0.0.1 at 2009-12-01 21:58:16) [GET]

ActionController::RoutingError (No route matches "/images/nav/subnav/dropdown_arrow.png" with {:method=>:get}):
  

Rendering rescues/layout (not_found)


Processing ApplicationController#index (for 127.0.0.1 at 2009-12-01 21:58:16) [GET]

ActionController::RoutingError (No route matches "/images/nav/subnav/sprite.png" with {:method=>:get}):
  

Rendering rescues/layout (not_found)


Processing HomeController#index (for 127.0.0.1 at 2009-12-01 21:58:53) [GET]
Rendering template within layouts/application
Rendering home/index
Completed in 2ms (View: 1, DB: 0) | 200 OK [http://localhost/home]


Processing ApplicationController#index (for 127.0.0.1 at 2009-12-01 21:58:53) [GET]

ActionController::RoutingError (No route matches "/images/nav/subnav/sprite.png" with {:method=>:get}):
  

Rendering rescues/layout (not_found)


Processing ApplicationController#index (for 127.0.0.1 at 2009-12-01 21:58:53) [GET]

ActionController::RoutingError (No route matches "/images/nav/subnav/dropdown_arrow.png" with {:method=>:get}):
  

Rendering rescues/layout (not_found)


Processing ApplicationController#index (for 127.0.0.1 at 2009-12-01 21:58:53) [GET]

ActionController::RoutingError (No route matches "/images/nav/subnav/sprite.png" with {:method=>:get}):
  

Rendering rescues/layout (not_found)


Processing ApplicationController#index (for 127.0.0.1 at 2009-12-01 21:58:53) [GET]

ActionController::RoutingError (No route matches "/images/feed.png" with {:method=>:get}):
  

Rendering rescues/layout (not_found)


Processing HomeController#index (for 127.0.0.1 at 2009-12-01 22:00:16) [GET]
Rendering template within layouts/application
Rendering home/index
Completed in 3ms (View: 1, DB: 0) | 200 OK [http://localhost/home]


Processing ApplicationController#index (for 127.0.0.1 at 2009-12-01 22:00:16) [GET]

ActionController::RoutingError (No route matches "/images/nav/subnav/sprite.png" with {:method=>:get}):
  

Rendering rescues/layout (not_found)


Processing ApplicationController#index (for 127.0.0.1 at 2009-12-01 22:00:16) [GET]

ActionController::RoutingError (No route matches "/images/nav/subnav/dropdown_arrow.png" with {:method=>:get}):
  

Rendering rescues/layout (not_found)


Processing ApplicationController#index (for 127.0.0.1 at 2009-12-01 22:00:16) [GET]

ActionController::RoutingError (No route matches "/images/feed.png" with {:method=>:get}):
  

Rendering rescues/layout (not_found)


Processing ApplicationController#index (for 127.0.0.1 at 2009-12-01 22:00:16) [GET]

ActionController::RoutingError (No route matches "/images/nav/subnav/sprite.png" with {:method=>:get}):
  

Rendering rescues/layout (not_found)


Processing ApplicationController#index (for 127.0.0.1 at 2009-12-01 22:04:05) [GET]

ActionController::RoutingError (No route matches "/colorado-buffaloes-football/gallery" with {:method=>:get}):
  

Rendering rescues/layout (not_found)


Processing HomeController#index (for 127.0.0.1 at 2009-12-01 22:08:46) [GET]
Rendering template within layouts/application
Rendering home/index
Completed in 2ms (View: 1, DB: 0) | 200 OK [http://localhost/home]


Processing ApplicationController#index (for 127.0.0.1 at 2009-12-01 22:08:46) [GET]

ActionController::RoutingError (No route matches "/images/nav/subnav/dropdown_arrow.png" with {:method=>:get}):
  

Rendering rescues/layout (not_found)


Processing ApplicationController#index (for 127.0.0.1 at 2009-12-01 22:08:46) [GET]

ActionController::RoutingError (No route matches "/images/feed.png" with {:method=>:get}):
  

Rendering rescues/layout (not_found)


Processing HomeController#index (for 127.0.0.1 at 2009-12-01 22:10:32) [GET]
Rendering template within layouts/application
Rendering home/index
Completed in 2ms (View: 1, DB: 0) | 200 OK [http://localhost/home]


Processing ApplicationController#index (for 127.0.0.1 at 2009-12-01 22:10:32) [GET]

ActionController::RoutingError (No route matches "/images/nav/subnav/dropdown_arrow.png" with {:method=>:get}):
  

Rendering rescues/layout (not_found)


Processing ApplicationController#index (for 127.0.0.1 at 2009-12-01 22:10:32) [GET]

ActionController::RoutingError (No route matches "/images/feed.png" with {:method=>:get}):
  

Rendering rescues/layout (not_found)


Processing HomeController#index (for 127.0.0.1 at 2009-12-01 22:10:34) [GET]
Rendering template within layouts/application
Rendering home/index
Completed in 2ms (View: 1, DB: 0) | 200 OK [http://localhost/home]


Processing ApplicationController#index (for 127.0.0.1 at 2009-12-01 22:10:34) [GET]

ActionController::RoutingError (No route matches "/images/feed.png" with {:method=>:get}):
  

Rendering rescues/layout (not_found)


Processing ApplicationController#index (for 127.0.0.1 at 2009-12-01 22:10:34) [GET]

ActionController::RoutingError (No route matches "/images/nav/subnav/dropdown_arrow.png" with {:method=>:get}):
  

Rendering rescues/layout (not_found)


Processing HomeController#index (for 127.0.0.1 at 2009-12-01 22:11:37) [GET]
Rendering template within layouts/application
Rendering home/index
Completed in 7ms (View: 6, DB: 0) | 200 OK [http://localhost/home]


Processing ApplicationController#index (for 127.0.0.1 at 2009-12-01 22:11:37) [GET]

ActionController::RoutingError (No route matches "/images/feed.png" with {:method=>:get}):
  

Rendering rescues/layout (not_found)


Processing ApplicationController#index (for 127.0.0.1 at 2009-12-01 22:11:37) [GET]

ActionController::RoutingError (No route matches "/images/nav/subnav/dropdown_arrow.png" with {:method=>:get}):
  

Rendering rescues/layout (not_found)


Processing HomeController#index (for 127.0.0.1 at 2009-12-01 22:11:57) [GET]
Rendering template within layouts/application
Rendering home/index
Completed in 7ms (View: 6, DB: 0) | 200 OK [http://localhost/home]


Processing ApplicationController#index (for 127.0.0.1 at 2009-12-01 22:11:57) [GET]

ActionController::RoutingError (No route matches "/images/feed.png" with {:method=>:get}):
  

Rendering rescues/layout (not_found)


Processing ApplicationController#index (for 127.0.0.1 at 2009-12-01 22:11:57) [GET]

ActionController::RoutingError (No route matches "/images/nav/subnav/dropdown_arrow.png" with {:method=>:get}):
  

Rendering rescues/layout (not_found)


Processing HomeController#index (for 127.0.0.1 at 2009-12-01 22:12:25) [GET]
Rendering template within layouts/application
Rendering home/index
Completed in 8ms (View: 6, DB: 0) | 200 OK [http://localhost/home]


Processing ApplicationController#index (for 127.0.0.1 at 2009-12-01 22:12:25) [GET]

ActionController::RoutingError (No route matches "/images/nav/subnav/dropdown_arrow.png" with {:method=>:get}):
  

Rendering rescues/layout (not_found)


Processing ApplicationController#index (for 127.0.0.1 at 2009-12-01 22:12:25) [GET]

ActionController::RoutingError (No route matches "/images/feed.png" with {:method=>:get}):
  

Rendering rescues/layout (not_found)


Processing HomeController#index (for 127.0.0.1 at 2009-12-01 22:12:41) [GET]
Rendering template within layouts/application
Rendering home/index
Completed in 7ms (View: 6, DB: 0) | 200 OK [http://localhost/home]


Processing ApplicationController#index (for 127.0.0.1 at 2009-12-01 22:12:41) [GET]

ActionController::RoutingError (No route matches "/images/feed.png" with {:method=>:get}):
  

Rendering rescues/layout (not_found)


Processing ApplicationController#index (for 127.0.0.1 at 2009-12-01 22:12:41) [GET]

ActionController::RoutingError (No route matches "/images/nav/subnav/dropdown_arrow.png" with {:method=>:get}):
  

Rendering rescues/layout (not_found)


Processing HomeController#index (for 127.0.0.1 at 2009-12-01 22:13:05) [GET]
Rendering template within layouts/application
Rendering home/index
Completed in 7ms (View: 6, DB: 0) | 200 OK [http://localhost/home]


Processing ApplicationController#index (for 127.0.0.1 at 2009-12-01 22:13:05) [GET]

ActionController::RoutingError (No route matches "/images/nav/subnav/dropdown_arrow.png" with {:method=>:get}):
  

Rendering rescues/layout (not_found)


Processing ApplicationController#index (for 127.0.0.1 at 2009-12-01 22:13:05) [GET]

ActionController::RoutingError (No route matches "/images/feed.png" with {:method=>:get}):
  

Rendering rescues/layout (not_found)


Processing HomeController#index (for 127.0.0.1 at 2009-12-01 22:15:44) [GET]
Rendering template within layouts/application
Rendering home/index
Completed in 2ms (View: 1, DB: 0) | 200 OK [http://localhost/home]


Processing ApplicationController#index (for 127.0.0.1 at 2009-12-01 22:15:44) [GET]

ActionController::RoutingError (No route matches "/images/nav/subnav/dropdown_arrow.png" with {:method=>:get}):
  

Rendering rescues/layout (not_found)


Processing ApplicationController#index (for 127.0.0.1 at 2009-12-01 22:15:44) [GET]

ActionController::RoutingError (No route matches "/images/feed.png" with {:method=>:get}):
  

Rendering rescues/layout (not_found)


Processing HomeController#index (for 127.0.0.1 at 2009-12-01 22:17:01) [GET]
Rendering template within layouts/application
Rendering home/index
Completed in 7ms (View: 5, DB: 0) | 200 OK [http://localhost/home]


Processing ApplicationController#index (for 127.0.0.1 at 2009-12-01 22:17:01) [GET]

ActionController::RoutingError (No route matches "/images/feed.png" with {:method=>:get}):
  

Rendering rescues/layout (not_found)


Processing ApplicationController#index (for 127.0.0.1 at 2009-12-01 22:17:01) [GET]

ActionController::RoutingError (No route matches "/images/nav/subnav/dropdown_arrow.png" with {:method=>:get}):
  

Rendering rescues/layout (not_found)


Processing HomeController#index (for 127.0.0.1 at 2009-12-01 22:17:02) [GET]
Rendering template within layouts/application
Rendering home/index
Completed in 2ms (View: 1, DB: 0) | 200 OK [http://localhost/home]


Processing ApplicationController#index (for 127.0.0.1 at 2009-12-01 22:17:02) [GET]

ActionController::RoutingError (No route matches "/images/nav/subnav/dropdown_arrow.png" with {:method=>:get}):
  

Rendering rescues/layout (not_found)


Processing ApplicationController#index (for 127.0.0.1 at 2009-12-01 22:17:02) [GET]

ActionController::RoutingError (No route matches "/images/feed.png" with {:method=>:get}):
  

Rendering rescues/layout (not_found)


Processing HomeController#index (for 127.0.0.1 at 2009-12-01 22:17:12) [GET]
Rendering template within layouts/application
Rendering home/index
Completed in 7ms (View: 6, DB: 0) | 200 OK [http://localhost/home]


Processing ApplicationController#index (for 127.0.0.1 at 2009-12-01 22:17:12) [GET]

ActionController::RoutingError (No route matches "/images/nav/subnav/dropdown_arrow.png" with {:method=>:get}):
  

Rendering rescues/layout (not_found)


Processing ApplicationController#index (for 127.0.0.1 at 2009-12-01 22:17:12) [GET]

ActionController::RoutingError (No route matches "/images/feed.png" with {:method=>:get}):
  

Rendering rescues/layout (not_found)


Processing HomeController#index (for 127.0.0.1 at 2009-12-01 22:17:26) [GET]
Rendering template within layouts/application
Rendering home/index
Completed in 6ms (View: 5, DB: 0) | 200 OK [http://localhost/home]


Processing ApplicationController#index (for 127.0.0.1 at 2009-12-01 22:17:26) [GET]

ActionController::RoutingError (No route matches "/images/feed.png" with {:method=>:get}):
  

Rendering rescues/layout (not_found)


Processing ApplicationController#index (for 127.0.0.1 at 2009-12-01 22:17:26) [GET]

ActionController::RoutingError (No route matches "/images/nav/subnav/dropdown_arrow.png" with {:method=>:get}):
  

Rendering rescues/layout (not_found)


Processing HomeController#index (for 127.0.0.1 at 2009-12-01 22:17:44) [GET]
Rendering template within layouts/application
Rendering home/index
Completed in 3ms (View: 1, DB: 0) | 200 OK [http://localhost/home]


Processing ApplicationController#index (for 127.0.0.1 at 2009-12-01 22:17:44) [GET]

ActionController::RoutingError (No route matches "/images/nav/subnav/dropdown_arrow.png" with {:method=>:get}):
  

Rendering rescues/layout (not_found)


Processing ApplicationController#index (for 127.0.0.1 at 2009-12-01 22:17:44) [GET]

ActionController::RoutingError (No route matches "/images/feed.png" with {:method=>:get}):
  

Rendering rescues/layout (not_found)


Processing HomeController#index (for 127.0.0.1 at 2009-12-01 22:17:50) [GET]
Rendering template within layouts/application
Rendering home/index
Completed in 4ms (View: 2, DB: 0) | 200 OK [http://localhost/home]


Processing ApplicationController#index (for 127.0.0.1 at 2009-12-01 22:17:50) [GET]

ActionController::RoutingError (No route matches "/images/nav/subnav/dropdown_arrow.png" with {:method=>:get}):
  

Rendering rescues/layout (not_found)


Processing ApplicationController#index (for 127.0.0.1 at 2009-12-01 22:17:50) [GET]

ActionController::RoutingError (No route matches "/images/feed.png" with {:method=>:get}):
  

Rendering rescues/layout (not_found)


Processing HomeController#index (for 127.0.0.1 at 2009-12-01 22:17:58) [GET]
Rendering template within layouts/application
Rendering home/index
Completed in 3ms (View: 1, DB: 0) | 200 OK [http://localhost/home]


Processing ApplicationController#index (for 127.0.0.1 at 2009-12-01 22:17:58) [GET]

ActionController::RoutingError (No route matches "/images/nav/subnav/dropdown_arrow.png" with {:method=>:get}):
  

Rendering rescues/layout (not_found)


Processing ApplicationController#index (for 127.0.0.1 at 2009-12-01 22:17:58) [GET]

ActionController::RoutingError (No route matches "/images/feed.png" with {:method=>:get}):
  

Rendering rescues/layout (not_found)


Processing HomeController#index (for 127.0.0.1 at 2009-12-01 22:22:02) [GET]
Rendering template within layouts/application
Rendering home/index
Completed in 8ms (View: 6, DB: 0) | 200 OK [http://localhost/home]


Processing ApplicationController#index (for 127.0.0.1 at 2009-12-01 22:22:02) [GET]

ActionController::RoutingError (No route matches "/images/feed.png" with {:method=>:get}):
  

Rendering rescues/layout (not_found)


Processing ApplicationController#index (for 127.0.0.1 at 2009-12-01 22:22:02) [GET]

ActionController::RoutingError (No route matches "/images/nav/subnav/dropdown_arrow.png" with {:method=>:get}):
  

Rendering rescues/layout (not_found)


Processing HomeController#index (for 127.0.0.1 at 2009-12-01 22:22:03) [GET]
Rendering template within layouts/application
Rendering home/index
Completed in 2ms (View: 1, DB: 0) | 200 OK [http://localhost/home]


Processing ApplicationController#index (for 127.0.0.1 at 2009-12-01 22:22:03) [GET]

ActionController::RoutingError (No route matches "/images/nav/subnav/dropdown_arrow.png" with {:method=>:get}):
  

Rendering rescues/layout (not_found)


Processing ApplicationController#index (for 127.0.0.1 at 2009-12-01 22:22:03) [GET]

ActionController::RoutingError (No route matches "/images/feed.png" with {:method=>:get}):
  

Rendering rescues/layout (not_found)


Processing HomeController#index (for 127.0.0.1 at 2009-12-01 22:23:07) [GET]
Rendering template within layouts/application
Rendering home/index
Completed in 8ms (View: 6, DB: 0) | 200 OK [http://localhost/home]


Processing ApplicationController#index (for 127.0.0.1 at 2009-12-01 22:23:07) [GET]

ActionController::RoutingError (No route matches "/images/nav/subnav/dropdown_arrow.png" with {:method=>:get}):
  

Rendering rescues/layout (not_found)


Processing HomeController#index (for 127.0.0.1 at 2009-12-01 22:23:33) [GET]
Rendering template within layouts/application
Rendering home/index
Completed in 7ms (View: 5, DB: 0) | 200 OK [http://localhost/home]


Processing ApplicationController#index (for 127.0.0.1 at 2009-12-01 22:23:33) [GET]

ActionController::RoutingError (No route matches "/images/nav/subnav/dropdown_arrow.png" with {:method=>:get}):
  

Rendering rescues/layout (not_found)


Processing ApplicationController#index (for 127.0.0.1 at 2009-12-01 22:23:33) [GET]

ActionController::RoutingError (No route matches "/images/feed.png" with {:method=>:get}):
  

Rendering rescues/layout (not_found)


Processing HomeController#index (for 127.0.0.1 at 2009-12-01 22:24:57) [GET]
Rendering template within layouts/application
Rendering home/index
Completed in 8ms (View: 6, DB: 0) | 200 OK [http://localhost/home]


Processing ApplicationController#index (for 127.0.0.1 at 2009-12-01 22:24:57) [GET]

ActionController::RoutingError (No route matches "/images/feed.png" with {:method=>:get}):
  

Rendering rescues/layout (not_found)


Processing ApplicationController#index (for 127.0.0.1 at 2009-12-01 22:24:57) [GET]

ActionController::RoutingError (No route matches "/images/nav/subnav/dropdown_arrow.png" with {:method=>:get}):
  

Rendering rescues/layout (not_found)


Processing HomeController#index (for 127.0.0.1 at 2009-12-01 22:25:44) [GET]
Rendering template within layouts/application
Rendering home/index
Completed in 2ms (View: 1, DB: 0) | 200 OK [http://localhost/home]


Processing ApplicationController#index (for 127.0.0.1 at 2009-12-01 22:25:44) [GET]

ActionController::RoutingError (No route matches "/images/nav/subnav/dropdown_arrow.png" with {:method=>:get}):
  

Rendering rescues/layout (not_found)


Processing ApplicationController#index (for 127.0.0.1 at 2009-12-01 22:25:44) [GET]

ActionController::RoutingError (No route matches "/images/feed.png" with {:method=>:get}):
  

Rendering rescues/layout (not_found)


Processing HomeController#index (for 127.0.0.1 at 2009-12-01 22:25:45) [GET]
Rendering template within layouts/application
Rendering home/index
Completed in 2ms (View: 1, DB: 0) | 200 OK [http://localhost/home]


Processing ApplicationController#index (for 127.0.0.1 at 2009-12-01 22:25:45) [GET]

ActionController::RoutingError (No route matches "/images/feed.png" with {:method=>:get}):
  

Rendering rescues/layout (not_found)


Processing ApplicationController#index (for 127.0.0.1 at 2009-12-01 22:25:45) [GET]

ActionController::RoutingError (No route matches "/images/nav/subnav/dropdown_arrow.png" with {:method=>:get}):
  

Rendering rescues/layout (not_found)


Processing HomeController#index (for 127.0.0.1 at 2009-12-01 22:26:00) [GET]
Rendering template within layouts/application
Rendering home/index
Completed in 3ms (View: 1, DB: 0) | 200 OK [http://localhost/home]


Processing ApplicationController#index (for 127.0.0.1 at 2009-12-01 22:26:00) [GET]

ActionController::RoutingError (No route matches "/images/nav/subnav/dropdown_arrow.png" with {:method=>:get}):
  

Rendering rescues/layout (not_found)


Processing ApplicationController#index (for 127.0.0.1 at 2009-12-01 22:26:00) [GET]

ActionController::RoutingError (No route matches "/images/feed.png" with {:method=>:get}):
  

Rendering rescues/layout (not_found)


Processing HomeController#index (for 127.0.0.1 at 2009-12-01 22:26:30) [GET]
Rendering template within layouts/application
Rendering home/index
Completed in 3ms (View: 1, DB: 0) | 200 OK [http://localhost/home]


Processing ApplicationController#index (for 127.0.0.1 at 2009-12-01 22:26:30) [GET]

ActionController::RoutingError (No route matches "/images/feed.png" with {:method=>:get}):
  

Rendering rescues/layout (not_found)


Processing ApplicationController#index (for 127.0.0.1 at 2009-12-01 22:26:30) [GET]

ActionController::RoutingError (No route matches "/images/nav/subnav/dropdown_arrow.png" with {:method=>:get}):
  

Rendering rescues/layout (not_found)


Processing HomeController#index (for 127.0.0.1 at 2009-12-01 22:26:52) [GET]
Rendering template within layouts/application
Rendering home/index
Completed in 3ms (View: 1, DB: 0) | 200 OK [http://localhost/home]


Processing ApplicationController#index (for 127.0.0.1 at 2009-12-01 22:26:52) [GET]

ActionController::RoutingError (No route matches "/images/nav/subnav/dropdown_arrow.png" with {:method=>:get}):
  

Rendering rescues/layout (not_found)


Processing ApplicationController#index (for 127.0.0.1 at 2009-12-01 22:26:52) [GET]

ActionController::RoutingError (No route matches "/images/feed.png" with {:method=>:get}):
  

Rendering rescues/layout (not_found)


Processing HomeController#index (for 127.0.0.1 at 2009-12-01 22:27:09) [GET]
Rendering template within layouts/application
Rendering home/index
Completed in 2ms (View: 1, DB: 0) | 200 OK [http://localhost/home]


Processing ApplicationController#index (for 127.0.0.1 at 2009-12-01 22:27:09) [GET]

ActionController::RoutingError (No route matches "/images/feed.png" with {:method=>:get}):
  

Rendering rescues/layout (not_found)


Processing ApplicationController#index (for 127.0.0.1 at 2009-12-01 22:27:09) [GET]

ActionController::RoutingError (No route matches "/images/nav/subnav/dropdown_arrow.png" with {:method=>:get}):
  

Rendering rescues/layout (not_found)


Processing HomeController#index (for 127.0.0.1 at 2009-12-01 22:27:45) [GET]
Rendering template within layouts/application
Rendering home/index
Completed in 3ms (View: 1, DB: 0) | 200 OK [http://localhost/home]


Processing ApplicationController#index (for 127.0.0.1 at 2009-12-01 22:27:45) [GET]

ActionController::RoutingError (No route matches "/images/feed.png" with {:method=>:get}):
  

Rendering rescues/layout (not_found)


Processing ApplicationController#index (for 127.0.0.1 at 2009-12-01 22:27:45) [GET]

ActionController::RoutingError (No route matches "/images/nav/subnav/dropdown_arrow.png" with {:method=>:get}):
  

Rendering rescues/layout (not_found)


Processing HomeController#index (for 127.0.0.1 at 2009-12-01 22:30:12) [GET]
Rendering template within layouts/application
Rendering home/index
Completed in 3ms (View: 1, DB: 0) | 200 OK [http://localhost/home]


Processing ApplicationController#index (for 127.0.0.1 at 2009-12-01 22:30:12) [GET]

ActionController::RoutingError (No route matches "/images/nav/subnav/dropdown_arrow.png" with {:method=>:get}):
  

Rendering rescues/layout (not_found)


Processing ApplicationController#index (for 127.0.0.1 at 2009-12-01 22:30:12) [GET]

ActionController::RoutingError (No route matches "/images/feed.png" with {:method=>:get}):
  

Rendering rescues/layout (not_found)


Processing HomeController#index (for 127.0.0.1 at 2009-12-01 22:30:13) [GET]
Rendering template within layouts/application
Rendering home/index
Completed in 2ms (View: 1, DB: 0) | 200 OK [http://localhost/home]


Processing ApplicationController#index (for 127.0.0.1 at 2009-12-01 22:30:13) [GET]

ActionController::RoutingError (No route matches "/images/feed.png" with {:method=>:get}):
  

Rendering rescues/layout (not_found)


Processing ApplicationController#index (for 127.0.0.1 at 2009-12-01 22:30:13) [GET]

ActionController::RoutingError (No route matches "/images/nav/subnav/dropdown_arrow.png" with {:method=>:get}):
  

Rendering rescues/layout (not_found)


Processing HomeController#index (for 127.0.0.1 at 2009-12-01 22:30:13) [GET]
Rendering template within layouts/application
Rendering home/index
Completed in 2ms (View: 1, DB: 0) | 200 OK [http://localhost/home]


Processing ApplicationController#index (for 127.0.0.1 at 2009-12-01 22:30:13) [GET]

ActionController::RoutingError (No route matches "/images/feed.png" with {:method=>:get}):
  

Rendering rescues/layout (not_found)


Processing ApplicationController#index (for 127.0.0.1 at 2009-12-01 22:30:13) [GET]

ActionController::RoutingError (No route matches "/images/nav/subnav/dropdown_arrow.png" with {:method=>:get}):
  

Rendering rescues/layout (not_found)


Processing HomeController#index (for 127.0.0.1 at 2009-12-01 22:31:49) [GET]
Rendering template within layouts/application
Rendering home/index
Completed in 2ms (View: 1, DB: 0) | 200 OK [http://localhost/home]


Processing ApplicationController#index (for 127.0.0.1 at 2009-12-01 22:31:49) [GET]

ActionController::RoutingError (No route matches "/images/feed.png" with {:method=>:get}):
  

Rendering rescues/layout (not_found)


Processing ApplicationController#index (for 127.0.0.1 at 2009-12-01 22:31:49) [GET]

ActionController::RoutingError (No route matches "/images/nav/subnav/dropdown_arrow.png" with {:method=>:get}):
  

Rendering rescues/layout (not_found)


Processing HomeController#index (for 127.0.0.1 at 2009-12-01 22:31:51) [GET]
Rendering template within layouts/application
Rendering home/index
Completed in 2ms (View: 1, DB: 0) | 200 OK [http://localhost/home]


Processing ApplicationController#index (for 127.0.0.1 at 2009-12-01 22:31:51) [GET]

ActionController::RoutingError (No route matches "/images/feed.png" with {:method=>:get}):
  

Rendering rescues/layout (not_found)


Processing ApplicationController#index (for 127.0.0.1 at 2009-12-01 22:31:51) [GET]

ActionController::RoutingError (No route matches "/images/nav/subnav/dropdown_arrow.png" with {:method=>:get}):
  

Rendering rescues/layout (not_found)


Processing HomeController#index (for 127.0.0.1 at 2009-12-01 22:32:00) [GET]
Rendering template within layouts/application
Rendering home/index
Completed in 3ms (View: 1, DB: 0) | 200 OK [http://localhost/home]


Processing ApplicationController#index (for 127.0.0.1 at 2009-12-01 22:32:00) [GET]

ActionController::RoutingError (No route matches "/images/feed.png" with {:method=>:get}):
  

Rendering rescues/layout (not_found)


Processing ApplicationController#index (for 127.0.0.1 at 2009-12-01 22:32:00) [GET]

ActionController::RoutingError (No route matches "/images/nav/subnav/dropdown_arrow.png" with {:method=>:get}):
  

Rendering rescues/layout (not_found)


Processing HomeController#index (for 127.0.0.1 at 2009-12-01 22:32:39) [GET]
Rendering template within layouts/application
Rendering home/index
Completed in 2ms (View: 1, DB: 0) | 200 OK [http://localhost/home]


Processing ApplicationController#index (for 127.0.0.1 at 2009-12-01 22:32:40) [GET]

ActionController::RoutingError (No route matches "/images/feed.png" with {:method=>:get}):
  

Rendering rescues/layout (not_found)


Processing ApplicationController#index (for 127.0.0.1 at 2009-12-01 22:32:40) [GET]

ActionController::RoutingError (No route matches "/images/nav/subnav/dropdown_arrow.png" with {:method=>:get}):
  

Rendering rescues/layout (not_found)


Processing HomeController#index (for 127.0.0.1 at 2009-12-01 22:32:40) [GET]
Rendering template within layouts/application
Rendering home/index
Completed in 2ms (View: 1, DB: 0) | 200 OK [http://localhost/home]


Processing ApplicationController#index (for 127.0.0.1 at 2009-12-01 22:32:40) [GET]

ActionController::RoutingError (No route matches "/images/feed.png" with {:method=>:get}):
  

Rendering rescues/layout (not_found)


Processing ApplicationController#index (for 127.0.0.1 at 2009-12-01 22:32:40) [GET]

ActionController::RoutingError (No route matches "/images/nav/subnav/dropdown_arrow.png" with {:method=>:get}):
  

Rendering rescues/layout (not_found)


Processing HomeController#index (for 127.0.0.1 at 2009-12-01 22:32:40) [GET]
Rendering template within layouts/application
Rendering home/index
Completed in 2ms (View: 1, DB: 0) | 200 OK [http://localhost/home]


Processing ApplicationController#index (for 127.0.0.1 at 2009-12-01 22:32:40) [GET]

ActionController::RoutingError (No route matches "/images/nav/subnav/dropdown_arrow.png" with {:method=>:get}):
  

Rendering rescues/layout (not_found)


Processing ApplicationController#index (for 127.0.0.1 at 2009-12-01 22:32:40) [GET]

ActionController::RoutingError (No route matches "/images/feed.png" with {:method=>:get}):
  

Rendering rescues/layout (not_found)


Processing HomeController#index (for 127.0.0.1 at 2009-12-01 22:32:40) [GET]
Rendering template within layouts/application
Rendering home/index
Completed in 2ms (View: 1, DB: 0) | 200 OK [http://localhost/home]


Processing ApplicationController#index (for 127.0.0.1 at 2009-12-01 22:32:40) [GET]

ActionController::RoutingError (No route matches "/images/nav/subnav/dropdown_arrow.png" with {:method=>:get}):
  

Rendering rescues/layout (not_found)


Processing ApplicationController#index (for 127.0.0.1 at 2009-12-01 22:32:40) [GET]

ActionController::RoutingError (No route matches "/images/feed.png" with {:method=>:get}):
  

Rendering rescues/layout (not_found)


Processing HomeController#index (for 127.0.0.1 at 2009-12-01 22:32:41) [GET]
Rendering template within layouts/application
Rendering home/index
Completed in 3ms (View: 1, DB: 0) | 200 OK [http://localhost/home]


Processing ApplicationController#index (for 127.0.0.1 at 2009-12-01 22:32:41) [GET]

ActionController::RoutingError (No route matches "/images/nav/subnav/dropdown_arrow.png" with {:method=>:get}):
  

Rendering rescues/layout (not_found)


Processing ApplicationController#index (for 127.0.0.1 at 2009-12-01 22:32:41) [GET]

ActionController::RoutingError (No route matches "/images/feed.png" with {:method=>:get}):
  

Rendering rescues/layout (not_found)


Processing HomeController#index (for 127.0.0.1 at 2009-12-01 22:35:35) [GET]
Rendering template within layouts/application
Rendering home/index
Completed in 2ms (View: 1, DB: 0) | 200 OK [http://localhost/home]


Processing ApplicationController#index (for 127.0.0.1 at 2009-12-01 22:35:35) [GET]

ActionController::RoutingError (No route matches "/images/nav/subnav/dropdown_arrow.png" with {:method=>:get}):
  

Rendering rescues/layout (not_found)


Processing ApplicationController#index (for 127.0.0.1 at 2009-12-01 22:35:35) [GET]

ActionController::RoutingError (No route matches "/images/feed.png" with {:method=>:get}):
  

Rendering rescues/layout (not_found)


Processing HomeController#index (for 127.0.0.1 at 2009-12-01 22:39:03) [GET]
Rendering template within layouts/application
Rendering home/index
Completed in 2ms (View: 1, DB: 0) | 200 OK [http://localhost/home]


Processing ApplicationController#index (for 127.0.0.1 at 2009-12-01 22:39:04) [GET]

ActionController::RoutingError (No route matches "/images/feed.png" with {:method=>:get}):
  

Rendering rescues/layout (not_found)


Processing ApplicationController#index (for 127.0.0.1 at 2009-12-01 22:39:04) [GET]

ActionController::RoutingError (No route matches "/images/nav/subnav/dropdown_arrow.png" with {:method=>:get}):
  

Rendering rescues/layout (not_found)


Processing HomeController#index (for 127.0.0.1 at 2009-12-01 22:40:00) [GET]
Rendering template within layouts/application
Rendering home/index
Completed in 2ms (View: 1, DB: 0) | 200 OK [http://localhost/home]


Processing ApplicationController#index (for 127.0.0.1 at 2009-12-01 22:40:00) [GET]

ActionController::RoutingError (No route matches "/images/feed.png" with {:method=>:get}):
  

Rendering rescues/layout (not_found)


Processing ApplicationController#index (for 127.0.0.1 at 2009-12-01 22:40:00) [GET]

ActionController::RoutingError (No route matches "/images/nav/subnav/dropdown_arrow.png" with {:method=>:get}):
  

Rendering rescues/layout (not_found)


Processing HomeController#index (for 127.0.0.1 at 2009-12-01 22:41:49) [GET]
Rendering template within layouts/application
Rendering home/index
Completed in 7ms (View: 5, DB: 0) | 200 OK [http://localhost/home]


Processing ApplicationController#index (for 127.0.0.1 at 2009-12-01 22:41:49) [GET]

ActionController::RoutingError (No route matches "/images/nav/subnav/dropdown_arrow.png" with {:method=>:get}):
  

Rendering rescues/layout (not_found)


Processing HomeController#index (for 127.0.0.1 at 2009-12-01 22:44:05) [GET]
Rendering template within layouts/application
Rendering home/index
Completed in 3ms (View: 1, DB: 0) | 200 OK [http://localhost/home]
